Removed Pin From Net: NetName=PB13 Pin=P1-2
Removed Pin From Net: NetName=PB12 Pin=P1-3
Removed Pin From Net: NetName=PB7 Pin=P1-8
Removed Pin From Net: NetName=PB6 Pin=P1-9
Removed Pin From Net: NetName=PB5 Pin=P1-10
Removed Pin From Net: NetName=PB2 Pin=P1-11
Removed Pin From Net: NetName=PB15 Pin=P1-12
Removed Pin From Net: NetName=PA13 Pin=P1-14
Removed Pin From Net: NetName=PC6 Pin=P3-5
Removed Pin From Net: NetName=PC7 Pin=P3-6
Removed Pin From Net: NetName=PC8 Pin=P3-7
Removed Pin From Net: NetName=PC9 Pin=P3-8
Added Pin To Net: NetName=PC7 Pin=P1-13
Added Pin To Net: NetName=PC8 Pin=P1-14
Added Pin To Net: NetName=PC9 Pin=P1-15
Added Pin To Net: NetName=NetP1_2 Pin=P1-2
Added Net: Name=NetP1_2
Added Pin To Net: NetName=NetP1_3 Pin=P1-3
Added Net: Name=NetP1_3
Added Pin To Net: NetName=NetP1_8 Pin=P1-8
Added Net: Name=NetP1_8
Added Pin To Net: NetName=NetP1_9 Pin=P1-9
Added Net: Name=NetP1_9
Added Pin To Net: NetName=NetP1_10 Pin=P1-10
Added Net: Name=NetP1_10
Added Pin To Net: NetName=NetP1_11 Pin=P1-11
Added Net: Name=NetP1_11
Added Pin To Net: NetName=NetP1_12 Pin=P1-12
Added Net: Name=NetP1_12
Added Pin To Net: NetName=NetP3_5 Pin=P3-5
Added Net: Name=NetP3_5
Added Pin To Net: NetName=NetP3_6 Pin=P3-6
Added Net: Name=NetP3_6
Added Pin To Net: NetName=NetP3_7 Pin=P3-7
Added Net: Name=NetP3_7
Added Pin To Net: NetName=NetP3_8 Pin=P3-8
Added Net: Name=NetP3_8
