Removed Pin From Net: NetName=PA0 Pin=P3-1
Removed Pin From Net: NetName=PA1 Pin=P3-2
Removed Pin From Net: NetName=PA2 Pin=P3-3
Removed Pin From Net: NetName=PA3 Pin=P3-4
Removed Pin From Net: NetName=PA4 Pin=P3-5
Removed Pin From Net: NetName=PA5 Pin=P3-6
Removed Pin From Net: NetName=PA6 Pin=P3-7
Removed Pin From Net: NetName=PA7 Pin=P3-8
Removed Pin From Net: NetName=PA8 Pin=P3-9
Removed Pin From Net: NetName=PA9 Pin=P3-10
Removed Pin From Net: NetName=PA10 Pin=P3-11
Removed Pin From Net: NetName=PA11 Pin=P3-12
Removed Pin From Net: NetName=PA12 Pin=P3-13
Removed Pin From Net: NetName=PA13 Pin=P3-14
Removed Pin From Net: NetName=PA14 Pin=P3-15
Removed Pin From Net: NetName=PA15 Pin=P3-16
Removed Pin From Net: NetName=PB1 Pin=P3-17
Removed Pin From Net: NetName=PB2 Pin=P3-18
Removed Pin From Net: NetName=PB3 Pin=P3-19
Removed Pin From Net: NetName=PB4 Pin=P3-20
Removed Pin From Net: NetName=PB5 Pin=P3-21
Removed Pin From Net: NetName=PB6 Pin=P3-22
Removed Pin From Net: NetName=PB7 Pin=P3-23
Removed Pin From Net: NetName=PB8 Pin=P3-24
Removed Pin From Net: NetName=PB9 Pin=P3-25
Removed Pin From Net: NetName=PB10 Pin=P3-26
Removed Pin From Net: NetName=PB11 Pin=P3-27
Removed Pin From Net: NetName=PB12 Pin=P3-28
Removed Pin From Net: NetName=PB13 Pin=P3-29
Removed Pin From Net: NetName=PB14 Pin=P3-30
Removed Pin From Net: NetName=PB15 Pin=P4-1
Removed Pin From Net: NetName=PC1 Pin=P4-2
Removed Pin From Net: NetName=PC2 Pin=P4-3
Removed Pin From Net: NetName=PC3 Pin=P4-4
Removed Pin From Net: NetName=PC4 Pin=P4-5
Removed Pin From Net: NetName=PC5 Pin=P4-6
Removed Pin From Net: NetName=PC6 Pin=P4-7
Removed Pin From Net: NetName=PC7 Pin=P4-8
Removed Pin From Net: NetName=PC8 Pin=P4-9
Removed Pin From Net: NetName=PC9 Pin=P4-10
Removed Pin From Net: NetName=PC10 Pin=P4-11
Removed Pin From Net: NetName=PC11 Pin=P4-12
Removed Pin From Net: NetName=PC12 Pin=P4-13
Removed Pin From Net: NetName=PC13 Pin=P4-14
Removed Pin From Net: NetName=PD2 Pin=P4-17
Removed Pin From Net: NetName=VBat Pin=P4-30
Removed Member From Class: ClassName=U_Connectors Member=P4
Change Component Footprint: Designator=P3 Old Footprint=HDR1X30 New Footprint=61302011121
Change Component Comment : Designator=P3 Old Comment=Header 30 New Comment=20p header
Change Managed Component Library Link : Designator=P3 Old VaultGUID= New VaultGUID=B7D15EC3-160A-466F-A46C-7801FE6295A7 Old ItemGUID= New ItemGUID=48E59E4E-FF21-4524-9C44-E423341E682C Old RevisionGUID= New RevisionGUID=621821BF-9287-447D-B6D8-C9B282A10810
Change component parameters: Designator = "P3" ("P3"); Footprint = "HDR1X30"; UniqueID = "\UMXVSLKM\YMDJBEDQ" ("\UMXVSLKM\YMDJBEDQ")
Change component parameters (AddParameter): Name = "Contact Resistance"; Value = "20mOhm"; VariantName = "[No Variations]"
Change component parameters (AddParameter): Name = "Datasheet URL"; Value = "https://katalog.we-online.de/em/datasheet/6130xx11121.pdf"; VariantName = "[No Variations]"
Change component parameters (AddParameter): Name = "Gender"; Value = "Male"; VariantName = "[No Variations]"
Change component parameters (AddParameter): Name = "Manufacturer"; Value = "Wurth Elektronik"; VariantName = "[No Variations]"
Change component parameters (AddParameter): Name = "Manufacturer URL"; Value = "http://www.we-online.de"; VariantName = "[No Variations]"
Change component parameters (AddParameter): Name = "Mounting Technology"; Value = "THT"; VariantName = "[No Variations]"
Change component parameters (AddParameter): Name = "Operating Temperature"; Value = "-40to105degC"; VariantName = "[No Variations]"
Change component parameters (AddParameter): Name = "Orientation"; Value = "Vertical"; VariantName = "[No Variations]"
Change component parameters (AddParameter): Name = "Package Reference"; Value = "61302011121"; VariantName = "[No Variations]"
Change component parameters (AddParameter): Name = "Packaging"; Value = "Bag"; VariantName = "[No Variations]"
Change component parameters (AddParameter): Name = "Part Number"; Value = "61302011121"; VariantName = "[No Variations]"
Change component parameters (AddParameter): Name = "Pin Number"; Value = "20"; VariantName = "[No Variations]"
Change component parameters (AddParameter): Name = "Pitch"; Value = "2.54mm"; VariantName = "[No Variations]"
Change component parameters (AddParameter): Name = "Publisher"; Value = "WurthElektronik"; VariantName = "[No Variations]"
Change component parameters (AddParameter): Name = "Rated Current"; Value = "3A"; VariantName = "[No Variations]"
Change component parameters (AddParameter): Name = "Row Number"; Value = "Single"; VariantName = "[No Variations]"
Change component parameters (AddParameter): Name = "Withstanding Voltage"; Value = "500VAC"; VariantName = "[No Variations]"
Change component parameters (AddParameter): Name = "Working Voltage"; Value = "250VAC"; VariantName = "[No Variations]"
Added Component: Designator=P?(61302011121)
Add component (AddParameter): Name = "Contact Resistance"; Value = "20mOhm"; VariantName = "[No Variations]"
Add component (AddParameter): Name = "Datasheet URL"; Value = "https://katalog.we-online.de/em/datasheet/6130xx11121.pdf"; VariantName = "[No Variations]"
Add component (AddParameter): Name = "Gender"; Value = "Male"; VariantName = "[No Variations]"
Add component (AddParameter): Name = "Manufacturer"; Value = "Wurth Elektronik"; VariantName = "[No Variations]"
Add component (AddParameter): Name = "Manufacturer URL"; Value = "http://www.we-online.de"; VariantName = "[No Variations]"
Add component (AddParameter): Name = "Mounting Technology"; Value = "THT"; VariantName = "[No Variations]"
Add component (AddParameter): Name = "Operating Temperature"; Value = "-40to105degC"; VariantName = "[No Variations]"
Add component (AddParameter): Name = "Orientation"; Value = "Vertical"; VariantName = "[No Variations]"
Add component (AddParameter): Name = "Package Reference"; Value = "61302011121"; VariantName = "[No Variations]"
Add component (AddParameter): Name = "Packaging"; Value = "Bag"; VariantName = "[No Variations]"
Add component (AddParameter): Name = "Part Number"; Value = "61302011121"; VariantName = "[No Variations]"
Add component (AddParameter): Name = "Pin Number"; Value = "20"; VariantName = "[No Variations]"
Add component (AddParameter): Name = "Pitch"; Value = "2.54mm"; VariantName = "[No Variations]"
Add component (AddParameter): Name = "Publisher"; Value = "WurthElektronik"; VariantName = "[No Variations]"
Add component (AddParameter): Name = "Rated Current"; Value = "3A"; VariantName = "[No Variations]"
Add component (AddParameter): Name = "Row Number"; Value = "Single"; VariantName = "[No Variations]"
Add component (AddParameter): Name = "Withstanding Voltage"; Value = "500VAC"; VariantName = "[No Variations]"
Add component (AddParameter): Name = "Working Voltage"; Value = "250VAC"; VariantName = "[No Variations]"
Added Pin To Net: NetName=PC1 Pin=P3-1
Added Pin To Net: NetName=PC3 Pin=P3-2
Added Pin To Net: NetName=PC4 Pin=P3-3
Added Pin To Net: NetName=PC5 Pin=P3-4
Added Pin To Net: NetName=PC6 Pin=P3-5
Added Pin To Net: NetName=PC7 Pin=P3-6
Added Pin To Net: NetName=PC8 Pin=P3-7
Added Pin To Net: NetName=PC9 Pin=P3-8
Added Pin To Net: NetName=PC10 Pin=P3-9
Added Pin To Net: NetName=PC11 Pin=P3-10
Added Pin To Net: NetName=PC12 Pin=P3-11
Added Pin To Net: NetName=PD2 Pin=P3-12
Added Pin To Net: NetName=PA4 Pin=P3-13
Added Pin To Net: NetName=PA3 Pin=P3-14
Added Pin To Net: NetName=PA2 Pin=P3-15
Added Pin To Net: NetName=PA0 Pin=P3-16
Added Pin To Net: NetName=VBat Pin=P3-17
Added Pin To Net: NetName=VCC Pin=P3-18
Added Pin To Net: NetName=GND Pin=P3-19
Added Pin To Net: NetName=GND Pin=P3-20
Added Pin To Net: NetName=PB14 Pin=P?-1
Added Pin To Net: NetName=PB13 Pin=P?-2
Added Pin To Net: NetName=PB12 Pin=P?-3
Added Pin To Net: NetName=PB11 Pin=P?-4
Added Pin To Net: NetName=PB10 Pin=P?-5
Added Pin To Net: NetName=PB9 Pin=P?-6
Added Pin To Net: NetName=PB8 Pin=P?-7
Added Pin To Net: NetName=PB7 Pin=P?-8
Added Pin To Net: NetName=PB6 Pin=P?-9
Added Pin To Net: NetName=PB5 Pin=P?-10
Added Pin To Net: NetName=PB2 Pin=P?-11
Added Pin To Net: NetName=PB15 Pin=P?-12
Added Pin To Net: NetName=PA14 Pin=P?-13
Added Pin To Net: NetName=PA13 Pin=P?-14
Added Pin To Net: NetName=PA12 Pin=P?-15
Added Pin To Net: NetName=PA11 Pin=P?-16
Added Pin To Net: NetName=PA10 Pin=P?-17
Added Pin To Net: NetName=PA9 Pin=P?-18
Added Pin To Net: NetName=PA8 Pin=P?-19
Added Pin To Net: NetName=PA5 Pin=P?-20
Added Pin To Net: NetName=GND Pin=U1-12
Added Pin To Net: NetName=GND Pin=U1-18
Added Pin To Net: NetName=GND Pin=U1-31
Added Pin To Net: NetName=GND Pin=U1-47
Added Pin To Net: NetName=GND Pin=U1-63
Change Net Name : Old Net Name=GND New Net Name=VSS
Added Member To Class: ClassName=U_Connectors Member=Component P? 20p header
